
=======================================================================
# create waypoints
========================================================================

WAYPOINT --> 50654  1000 07000f00 aaaaaaaa aaaa0100 00000000                                       ................
     # recv: MODIFY  WAYPOINT  uuid=aaaaaaaaaaaa0100 mod_bits=0x00 MOD(WAYPOINT,0x00,aaaaaaaaaaaa0100)

WAYPOINT <-- 50654  1000 03010f00 c8000000 aaaaaaaa aaaa0100                                       ................
     # send: ITEM    WAYPOINT  uuid=aaaaaaaaaaaa0100
WAYPOINT --> 50654  0c00 06000f00 c8000000 00000400                                                ............
     # recv: DATA    WAYPOINT  success
                  1400 00020f00 c8000000 aaaaaaaa aaaa0100 01000000                              ....................
     # info: CONTEXT WAYPOINT  uuid=aaaaaaaaaaaa0100 context_bits=0x01
                  5300 01020f00 c8000000 47000000 9e449005 ecdbface 506c9f06 ae4a84c5 00000000   ........G....D......Pl...J......
                       00000000 00000000 02000048 010000a6 b800008c 4f000d0a 00000000 74657374   ...........H........O.......test
                       57617970 6f696e74 31777043 6f6d6d65 6e7431                                Waypoint1wpComment1
     # info: BUFFER  WAYPOINT
                    WAYPOINT Record
                    name       = testWaypoint1
                    comment    = wpComment1
                    big_len    = 71
                    lat        = 93340830            = (9e449005)    9.334 =     9°20.045
                    lon        = -822420500          = (ecdbface)  -82.242 =   -82°14.523
                    north      = 111111248           = (506c9f06)    9.334 =     9°20.045
                    east       = -981185874          = (ae4a84c5)  -82.242 =   -82°14.523
                    k1_0x12    = 000000000000000000000000
                    sym        = 2
                    temp       = 0
                    depth      = 328                 = (48010000) FEET = 10.76
                    time       = 47270               = (a6b80000) 13:07:50
                    date       = 20364               = (8c4f)     2025-10-03
                    k2_0       = 0
                    name_len   = 13
                    cmt_len    = 10
                    k3_0       = 0

                  1000 02020f00 c8000000 aaaaaaaa aaaa0100                                       ................
     # info: LIST    WAYPOINT  uuid=aaaaaaaaaaaa0100

WAYPOINT --> 50654  1000 07000f00 aaaaaaaa aaaa0200 00000000                                       ................
     # recv: MODIFY  WAYPOINT  uuid=aaaaaaaaaaaa0200 mod_bits=0x00 MOD(WAYPOINT,0x00,aaaaaaaaaaaa0200)

WAYPOINT <-- 50654  1000 03010f00 c9000000 aaaaaaaa aaaa0200                                       ................
     # send: ITEM    WAYPOINT  uuid=aaaaaaaaaaaa0200
WAYPOINT --> 50654  0c00 06000f00 c9000000 00000400                                                ............
     # recv: DATA    WAYPOINT  success
                  1400 00020f00 c9000000 aaaaaaaa aaaa0200 01000000                              ....................
     # info: CONTEXT WAYPOINT  uuid=aaaaaaaaaaaa0200 context_bits=0x01
                  5300 01020f00 c9000000 47000000 2fd08605 e09100cf 47119406 dc1a8bc5 00000000   ........G.../.......G...........
                       00000000 00000000 02000048 010000e3 b800008c 4f000d0a 00000000 74657374   ...........H........O.......test
                       57617970 6f696e74 32777043 6f6d6d65 6e7432                                Waypoint2wpComment2
     # info: BUFFER  WAYPOINT
                    WAYPOINT Record
                    name       = testWaypoint2
                    comment    = wpComment2
                    big_len    = 71
                    lat        = 92721199            = (2fd08605)    9.272 =     9°16.327
                    lon        = -822046240          = (e09100cf)  -82.205 =   -82°12.277
                    north      = 110367047           = (47119406)    9.272 =     9°16.327
                    east       = -980739364          = (dc1a8bc5)  -82.205 =   -82°12.277
                    k1_0x12    = 000000000000000000000000
                    sym        = 2
                    temp       = 0
                    depth      = 328                 = (48010000) FEET = 10.76
                    time       = 47331               = (e3b80000) 13:08:51
                    date       = 20364               = (8c4f)     2025-10-03
                    k2_0       = 0
                    name_len   = 13
                    cmt_len    = 10
                    k3_0       = 0

                  1000 02020f00 c9000000 aaaaaaaa aaaa0200                                       ................
     # info: LIST    WAYPOINT  uuid=aaaaaaaaaaaa0200

WAYPOINT --> 50654  1000 07000f00 aaaaaaaa aaaa0300 00000000                                       ................
     # recv: MODIFY  WAYPOINT  uuid=aaaaaaaaaaaa0300 mod_bits=0x00 MOD(WAYPOINT,0x00,aaaaaaaaaaaa0300)

WAYPOINT <-- 50654  1000 03010f00 ca000000 aaaaaaaa aaaa0300                                       ................
     # send: ITEM    WAYPOINT  uuid=aaaaaaaaaaaa0300
WAYPOINT --> 50654  0c00 06000f00 ca000000 00000400                                                ............
     # recv: DATA    WAYPOINT  success
                  1400 00020f00 ca000000 aaaaaaaa aaaa0300 01000000                              ....................
     # info: CONTEXT WAYPOINT  uuid=aaaaaaaaaaaa0300 context_bits=0x01
                  5300 01020f00 ca000000 47000000 44558405 84b501cf cd169106 cd768cc5 00000000   ........G...DU...........v......
                       00000000 00000000 02000048 010000eb b800008c 4f000d0a 00000000 74657374   ...........H........O.......test
                       57617970 6f696e74 33777043 6f6d6d65 6e7433                                Waypoint3wpComment3
     # info: BUFFER  WAYPOINT
                    WAYPOINT Record
                    name       = testWaypoint3
                    comment    = wpComment3
                    big_len    = 71
                    lat        = 92558660            = (44558405)    9.256 =     9°15.352
                    lon        = -821971580          = (84b501cf)  -82.197 =   -82°11.829
                    north      = 110171853           = (cd169106)    9.256 =     9°15.352
                    east       = -980650291          = (cd768cc5)  -82.197 =   -82°11.829
                    k1_0x12    = 000000000000000000000000
                    sym        = 2
                    temp       = 0
                    depth      = 328                 = (48010000) FEET = 10.76
                    time       = 47339               = (ebb80000) 13:08:59
                    date       = 20364               = (8c4f)     2025-10-03
                    k2_0       = 0
                    name_len   = 13
                    cmt_len    = 10
                    k3_0       = 0

                  1000 02020f00 ca000000 aaaaaaaa aaaa0300                                       ................
     # info: LIST    WAYPOINT  uuid=aaaaaaaaaaaa0300

WAYPOINT --> 50654  0800 05000f00 00000000                                                         ........
     # recv: EVENT   WAYPOINT  flag=0
                  0800 45000f00 00000000                                                         E.......
     # recv: EVENT   ROUTE     flag=0
                  0800 85000f00 00000000                                                         ........
     # recv: EVENT   GROUP     flag=0
                  1000 87000f00 cccccccc cccc0100 00000000                                       ................
     # recv: MODIFY  GROUP     uuid=cccccccccccc0100 mod_bits=0x00 MOD(GROUP,0x00,cccccccccccc0100)
                  0800 05000f00 01000000                                                         ........
     # recv: EVENT   WAYPOINT  flag=1
                  0800 45000f00 01000000                                                         E.......
     # recv: EVENT   ROUTE     flag=1
                  0800 85000f00 01000000                                                         ........
     # recv: EVENT   GROUP     flag=1

WAYPOINT <-- 50654  1000 83010f00 cb000000 cccccccc cccc0100                                       ................
     # send: ITEM    GROUP     uuid=cccccccccccc0100
WAYPOINT --> 50654  0c00 86000f00 cb000000 00000400                                                ............
     # recv: DATA    GROUP     success
                  1400 00020f00 cb000000 cccccccc cccc0100 03000000                              ....................
     # info: CONTEXT GROUP     uuid=cccccccccccc0100 context_bits=0x03
                  1a00 01020f00 cb000000 0e000000 0a000000 74657374 47726f75 7031                ................testGroup1
     # info: BUFFER  GROUP
                    GROUP Record
                    name       = testGroup1
                    big_len    = 14
                    name_len   = 10
                    cmt_len    = 0
                    num_uuids  = 0

                  1000 02020f00 cb000000 cccccccc cccc0100                                       ................
     # info: LIST    GROUP     uuid=cccccccccccc0100

WAYPOINT <-- 50654  0800 8e010f00 cc000000                                                         ........
     # send: EVERB   GROUP
WAYPOINT --> 50654  0c00 8a000f00 cc000000 01000000                                                ............
     # recv: AVERB   GROUP     amagic=0x01

WAYPOINT <-- 50654  0800 80010f00 cd000000                                                         ........
     # send: CONTEXT GROUP
WAYPOINT <-- 50654  1400 00020f00 cd000000 00000000 00000000 1a000000                              ....................
     # info: CONTEXT GROUP     uuid=0000000000000000 context_bits=0x1a
WAYPOINT <-- 50654  3400 01020f00 cd000000 28000000 00000000 00000000 00000000 00000000 8e010f00   ........(.......................
                       64000000 00000000 00000000 00000000 00000000                              d...................
     # info: BUFFER  GROUP
WAYPOINT <-- 50654  1000 02020f00 cd000000 00000000 00000000                                       ................
     # info: LIST    GROUP     uuid=0000000000000000
WAYPOINT --> 50654  0c00 80000f00 cd000000 00000400                                                ............
     # recv: CONTEXT GROUP     success
                  1400 00020f00 cd000000 00000000 00000000 19000000                              ....................
     # info: CONTEXT GROUP     uuid=0000000000000000 context_bits=0x19
                  1800 01020f00 cd000000 0c000000 01000000 cccccccc cccc0100                     ........................
     # info: BUFFER  GROUP    dictionary(1)
                    uuid(0) = cccccccccccc0100

                  1000 02020f00 cd000000 00000000 00000000                                       ................
     # info: LIST    GROUP     uuid=0000000000000000

WAYPOINT <-- 50654  0800 8e010f00 ce000000                                                         ........
     # send: EVERB   GROUP
WAYPOINT --> 50654  0c00 8a000f00 ce000000 01000000                                                ............
     # recv: AVERB   GROUP     amagic=0x01

WAYPOINT <-- 50654  0800 80010f00 cf000000                                                         ........
     # send: CONTEXT GROUP
WAYPOINT <-- 50654  1400 00020f00 cf000000 00000000 00000000 1a000000                              ....................
     # info: CONTEXT GROUP     uuid=0000000000000000 context_bits=0x1a
WAYPOINT <-- 50654  3400 01020f00 cf000000 28000000 00000000 00000000 00000000 00000000 8e010f00   ........(.......................
                       64000000 00000000 00000000 00000000 00000000                              d...................
     # info: BUFFER  GROUP
WAYPOINT <-- 50654  1000 02020f00 cf000000 00000000 00000000                                       ................
     # info: LIST    GROUP     uuid=0000000000000000
WAYPOINT --> 50654  0c00 80000f00 cf000000 00000400                                                ............
     # recv: CONTEXT GROUP     success
                  1400 00020f00 cf000000 00000000 00000000 19000000                              ....................
     # info: CONTEXT GROUP     uuid=0000000000000000 context_bits=0x19
                  1800 01020f00 cf000000 0c000000 01000000 cccccccc cccc0100                     ........................
     # info: BUFFER  GROUP    dictionary(1)
                    uuid(0) = cccccccccccc0100

                  1000 02020f00 cf000000 00000000 00000000                                       ................
     # info: LIST    GROUP     uuid=0000000000000000

WAYPOINT --> 50654  0800 05000f00 00000000                                                         ........
     # recv: EVENT   WAYPOINT  flag=0
                  0800 45000f00 00000000                                                         E.......
     # recv: EVENT   ROUTE     flag=0
                  0800 85000f00 00000000                                                         ........
     # recv: EVENT   GROUP     flag=0
                  1000 87000f00 cccccccc cccc0200 00000000                                       ................
     # recv: MODIFY  GROUP     uuid=cccccccccccc0200 mod_bits=0x00 MOD(GROUP,0x00,cccccccccccc0200)
                  0800 05000f00 01000000                                                         ........
     # recv: EVENT   WAYPOINT  flag=1
                  0800 45000f00 01000000                                                         E.......
     # recv: EVENT   ROUTE     flag=1
                  0800 85000f00 01000000                                                         ........
     # recv: EVENT   GROUP     flag=1

WAYPOINT <-- 50654  1000 83010f00 d0000000 cccccccc cccc0200                                       ................
     # send: ITEM    GROUP     uuid=cccccccccccc0200
WAYPOINT --> 50654  0c00 86000f00 d0000000 00000400                                                ............
     # recv: DATA    GROUP     success
                  1400 00020f00 d0000000 cccccccc cccc0200 03000000                              ....................
     # info: CONTEXT GROUP     uuid=cccccccccccc0200 context_bits=0x03
                  1a00 01020f00 d0000000 0e000000 0a000000 74657374 47726f75 7032                ................testGroup2
     # info: BUFFER  GROUP
                    GROUP Record
                    name       = testGroup2
                    big_len    = 14
                    name_len   = 10
                    cmt_len    = 0
                    num_uuids  = 0

                  1000 02020f00 d0000000 cccccccc cccc0200                                       ................
     # info: LIST    GROUP     uuid=cccccccccccc0200

WAYPOINT <-- 50654  0800 8e010f00 d1000000                                                         ........
     # send: EVERB   GROUP
WAYPOINT --> 50654  0c00 8a000f00 d1000000 02000000                                                ............
     # recv: AVERB   GROUP     amagic=0x02

WAYPOINT <-- 50654  0800 80010f00 d2000000                                                         ........
     # send: CONTEXT GROUP
WAYPOINT <-- 50654  1400 00020f00 d2000000 00000000 00000000 1a000000                              ....................
     # info: CONTEXT GROUP     uuid=0000000000000000 context_bits=0x1a
WAYPOINT <-- 50654  3400 01020f00 d2000000 28000000 00000000 00000000 00000000 00000000 8725523d   ........(....................%R=
                       64000000 00000000 00000000 00000000 00000000                              d...................
     # info: BUFFER  GROUP
WAYPOINT <-- 50654  1000 02020f00 d2000000 00000000 00000000                                       ................
     # info: LIST    GROUP     uuid=0000000000000000
WAYPOINT --> 50654  0c00 80000f00 d2000000 00000400                                                ............
     # recv: CONTEXT GROUP     success
                  1400 00020f00 d2000000 00000000 00000000 19000000                              ....................
     # info: CONTEXT GROUP     uuid=0000000000000000 context_bits=0x19
                  2000 01020f00 d2000000 14000000 02000000 cccccccc cccc0100 cccccccc cccc0200   ................................
     # info: BUFFER  GROUP    dictionary(2)
                    uuid(0) = cccccccccccc0100
                    uuid(1) = cccccccccccc0200

                  1000 02020f00 d2000000 00000000 00000000                                       ................
     # info: LIST    GROUP     uuid=0000000000000000

WAYPOINT <-- 50654  0800 8e010f00 d3000000                                                         ........
     # send: EVERB   GROUP
WAYPOINT --> 50654  0c00 8a000f00 d3000000 02000000                                                ............
     # recv: AVERB   GROUP     amagic=0x02

WAYPOINT <-- 50654  0800 80010f00 d4000000                                                         ........
     # send: CONTEXT GROUP
WAYPOINT <-- 50654  1400 00020f00 d4000000 00000000 00000000 1a000000                              ....................
     # info: CONTEXT GROUP     uuid=0000000000000000 context_bits=0x1a
WAYPOINT <-- 50654  3400 01020f00 d4000000 28000000 00000000 00000000 00000000 00000000 8e010f00   ........(.......................
                       64000000 00000000 00000000 00000000 00000000                              d...................
     # info: BUFFER  GROUP
WAYPOINT <-- 50654  1000 02020f00 d4000000 00000000 00000000                                       ................
     # info: LIST    GROUP     uuid=0000000000000000
WAYPOINT --> 50654  0c00 80000f00 d4000000 00000400                                                ............
     # recv: CONTEXT GROUP     success
                  1400 00020f00 d4000000 00000000 00000000 19000000                              ....................
     # info: CONTEXT GROUP     uuid=0000000000000000 context_bits=0x19
                  2000 01020f00 d4000000 14000000 02000000 cccccccc cccc0100 cccccccc cccc0200   ................................
     # info: BUFFER  GROUP    dictionary(2)
                    uuid(0) = cccccccccccc0100
                    uuid(1) = cccccccccccc0200

                  1000 02020f00 d4000000 00000000 00000000                                       ................
     # info: LIST    GROUP     uuid=0000000000000000

WAYPOINT --> 50654  0800 05000f00 00000000                                                         ........
     # recv: EVENT   WAYPOINT  flag=0
                  0800 45000f00 00000000                                                         E.......
     # recv: EVENT   ROUTE     flag=0
                  0800 85000f00 00000000                                                         ........
     # recv: EVENT   GROUP     flag=0
                  1000 87000f00 cccccccc cccc0300 00000000                                       ................
     # recv: MODIFY  GROUP     uuid=cccccccccccc0300 mod_bits=0x00 MOD(GROUP,0x00,cccccccccccc0300)
                  0800 05000f00 01000000                                                         ........
     # recv: EVENT   WAYPOINT  flag=1
                  0800 45000f00 01000000                                                         E.......
     # recv: EVENT   ROUTE     flag=1
                  0800 85000f00 01000000                                                         ........
     # recv: EVENT   GROUP     flag=1

WAYPOINT <-- 50654  1000 83010f00 d5000000 cccccccc cccc0300                                       ................
     # send: ITEM    GROUP     uuid=cccccccccccc0300
WAYPOINT --> 50654  0c00 86000f00 d5000000 00000400                                                ............
     # recv: DATA    GROUP     success
                  1400 00020f00 d5000000 cccccccc cccc0300 03000000                              ....................
     # info: CONTEXT GROUP     uuid=cccccccccccc0300 context_bits=0x03
                  1a00 01020f00 d5000000 0e000000 0a000000 74657374 47726f75 7033                ................testGroup3
     # info: BUFFER  GROUP
                    GROUP Record
                    name       = testGroup3
                    big_len    = 14
                    name_len   = 10
                    cmt_len    = 0
                    num_uuids  = 0

                  1000 02020f00 d5000000 cccccccc cccc0300                                       ................
     # info: LIST    GROUP     uuid=cccccccccccc0300

WAYPOINT <-- 50654  0800 8e010f00 d6000000                                                         ........
     # send: EVERB   GROUP
WAYPOINT --> 50654  0c00 8a000f00 d6000000 03000000                                                ............
     # recv: AVERB   GROUP     amagic=0x03

WAYPOINT <-- 50654  0800 80010f00 d7000000                                                         ........
     # send: CONTEXT GROUP
WAYPOINT <-- 50654  1400 00020f00 d7000000 00000000 00000000 1a000000                              ....................
     # info: CONTEXT GROUP     uuid=0000000000000000 context_bits=0x1a
WAYPOINT <-- 50654  3400 01020f00 d7000000 28000000 00000000 00000000 00000000 00000000 8725523d   ........(....................%R=
                       64000000 00000000 00000000 00000000 00000000                              d...................
     # info: BUFFER  GROUP
WAYPOINT <-- 50654  1000 02020f00 d7000000 00000000 00000000                                       ................
     # info: LIST    GROUP     uuid=0000000000000000
WAYPOINT --> 50654  0c00 80000f00 d7000000 00000400                                                ............
     # recv: CONTEXT GROUP     success
                  1400 00020f00 d7000000 00000000 00000000 19000000                              ....................
     # info: CONTEXT GROUP     uuid=0000000000000000 context_bits=0x19
                  2800 01020f00 d7000000 1c000000 03000000 cccccccc cccc0100 cccccccc cccc0200   ................................
                       cccccccc cccc0300                                                         ........
     # info: BUFFER  GROUP    dictionary(3)
                    uuid(0) = cccccccccccc0100
                    uuid(1) = cccccccccccc0200
                    uuid(2) = cccccccccccc0300

                  1000 02020f00 d7000000 00000000 00000000                                       ................
     # info: LIST    GROUP     uuid=0000000000000000

WAYPOINT <-- 50654  0800 8e010f00 d8000000                                                         ........
     # send: EVERB   GROUP
WAYPOINT --> 50654  0c00 8a000f00 d8000000 03000000                                                ............
     # recv: AVERB   GROUP     amagic=0x03

WAYPOINT <-- 50654  0800 80010f00 d9000000                                                         ........
     # send: CONTEXT GROUP
WAYPOINT <-- 50654  1400 00020f00 d9000000 00000000 00000000 1a000000                              ....................
     # info: CONTEXT GROUP     uuid=0000000000000000 context_bits=0x1a
WAYPOINT <-- 50654  3400 01020f00 d9000000 28000000 00000000 00000000 00000000 00000000 8e010f00   ........(.......................
                       64000000 00000000 00000000 00000000 00000000                              d...................
     # info: BUFFER  GROUP
WAYPOINT <-- 50654  1000 02020f00 d9000000 00000000 00000000                                       ................
     # info: LIST    GROUP     uuid=0000000000000000
WAYPOINT --> 50654  0c00 80000f00 d9000000 00000400                                                ............
     # recv: CONTEXT GROUP     success
                  1400 00020f00 d9000000 00000000 00000000 19000000                              ....................
     # info: CONTEXT GROUP     uuid=0000000000000000 context_bits=0x19
                  2800 01020f00 d9000000 1c000000 03000000 cccccccc cccc0100 cccccccc cccc0200   ................................
                       cccccccc cccc0300                                                         ........
     # info: BUFFER  GROUP    dictionary(3)
                    uuid(0) = cccccccccccc0100
                    uuid(1) = cccccccccccc0200
                    uuid(2) = cccccccccccc0300

                  1000 02020f00 d9000000 00000000 00000000                                       ................
     # info: LIST    GROUP     uuid=0000000000000000


=======================================================================
# modify waypoint1 from RNS
========================================================================

WAYPOINT <-- 50654  1900 0c010f00 da000000 74657374 57617970 6f696e74 31003c60 90                  ........testWaypoint1.<`.
     # send: FIND    WAYPOINT  name = testWaypoint1
WAYPOINT --> 50654  1400 08000f00 da000000 00000400 aaaaaaaa aaaa0100                              ....................
     # recv: UUID    WAYPOINT  success uuid=aaaaaaaaaaaa0100

WAYPOINT <-- 50654  1400 04010f00 db000000 0b000000 aaaaaaaa aaaa0100                              ....................
     # send: EXIST   WAYPOINT  magic=0x0b uuid=aaaaaaaaaaaa0100
WAYPOINT --> 50654  0c00 01000f00 db000000 00000400                                                ............
     # recv: BUFFER  WAYPOINT  success
                  1400 00020f00 db000000 aaaaaaaa aaaa0100 01000000                              ....................
     # info: CONTEXT WAYPOINT  uuid=aaaaaaaaaaaa0100 context_bits=0x01
                  5300 01020f00 db000000 47000000 9e449005 ecdbface 506c9f06 ae4a84c5 00000000   ........G....D......Pl...J......
                       00000000 00000000 02000048 010000a6 b800008c 4f000d0a 00000000 74657374   ...........H........O.......test
                       57617970 6f696e74 31777043 6f6d6d65 6e7431                                Waypoint1wpComment1
     # info: BUFFER  WAYPOINT
                    WAYPOINT Record
                    name       = testWaypoint1
                    comment    = wpComment1
                    big_len    = 71
                    lat        = 93340830            = (9e449005)    9.334 =     9°20.045
                    lon        = -822420500          = (ecdbface)  -82.242 =   -82°14.523
                    north      = 111111248           = (506c9f06)    9.334 =     9°20.045
                    east       = -981185874          = (ae4a84c5)  -82.242 =   -82°14.523
                    k1_0x12    = 000000000000000000000000
                    sym        = 2
                    temp       = 0
                    depth      = 328                 = (48010000) FEET = 10.76
                    time       = 47270               = (a6b80000) 13:07:50
                    date       = 20364               = (8c4f)     2025-10-03
                    k2_0       = 0
                    name_len   = 13
                    cmt_len    = 10
                    k3_0       = 0

                  1000 02020f00 db000000 aaaaaaaa aaaa0100                                       ................
     # info: LIST    WAYPOINT  uuid=aaaaaaaaaaaa0100

WAYPOINT <-- 50654  1400 06010f00 dc000000 0b000000 aaaaaaaa aaaa0100                              ....................
     # send: DATA    WAYPOINT  magic=0x0b uuid=aaaaaaaaaaaa0100
WAYPOINT <-- 50654  1400 00020f00 dc000000 aaaaaaaa aaaa0100 01000000                              ....................
     # info: CONTEXT WAYPOINT  uuid=aaaaaaaaaaaa0100 context_bits=0x01
WAYPOINT <-- 50654  5200 01020f00 dc000000 46000000 9e449005 ecdbface c16a9f06 ad4a84c5 00000000   ........F....D.......j...J......
                       00000000 00000000 02010048 010000a6 b800008c 4f000c0a 00000000 6d6f6457   ...........H........O.......modW
                       6179706f 696e7431 7770436f 6d6d656e 7431                                  aypoint1wpComment1
     # info: BUFFER  WAYPOINT
                    WAYPOINT Record
                    name       = modWaypoint1
                    comment    = wpComment1
                    big_len    = 70
                    lat        = 93340830            = (9e449005)    9.334 =     9°20.045
                    lon        = -822420500          = (ecdbface)  -82.242 =   -82°14.523
                    north      = 111110849           = (c16a9f06)    9.334 =     9°20.043
                    east       = -981185875          = (ad4a84c5)  -82.242 =   -82°14.523
                    k1_0x12    = 000000000000000000000000
                    sym        = 2
                    temp       = 1
                    depth      = 328                 = (48010000) FEET = 10.76
                    time       = 47270               = (a6b80000) 13:07:50
                    date       = 20364               = (8c4f)     2025-10-03
                    k2_0       = 0
                    name_len   = 12
                    cmt_len    = 10
                    k3_0       = 0

WAYPOINT <-- 50654  1000 02020f00 dc000000 aaaaaaaa aaaa0100                                       ................
     # info: LIST    WAYPOINT  uuid=aaaaaaaaaaaa0100
WAYPOINT --> 50654  0c00 02000f00 dc000000 00000400                                                ............
     # recv: LIST    WAYPOINT  success
                  1000 07000f00 aaaaaaaa aaaa0100 02000000                                       ................
     # recv: MODIFY  WAYPOINT  uuid=aaaaaaaaaaaa0100 mod_bits=0x02 MOD(WAYPOINT,0x02,aaaaaaaaaaaa0100)

WAYPOINT <-- 50654  1000 03010f00 dd000000 aaaaaaaa aaaa0100                                       ................
     # send: ITEM    WAYPOINT  uuid=aaaaaaaaaaaa0100
WAYPOINT --> 50654  0c00 06000f00 dd000000 00000400                                                ............
     # recv: DATA    WAYPOINT  success
                  1400 00020f00 dd000000 aaaaaaaa aaaa0100 01000000                              ....................
     # info: CONTEXT WAYPOINT  uuid=aaaaaaaaaaaa0100 context_bits=0x01
                  5200 01020f00 dd000000 46000000 9e449005 ecdbface c16a9f06 ad4a84c5 00000000   ........F....D.......j...J......
                       00000000 00000000 02010048 010000a6 b800008c 4f000c0a 00000000 6d6f6457   ...........H........O.......modW
                       6179706f 696e7431 7770436f 6d6d656e 7431                                  aypoint1wpComment1
     # info: BUFFER  WAYPOINT
                    WAYPOINT Record
                    name       = modWaypoint1
                    comment    = wpComment1
                    big_len    = 70
                    lat        = 93340830            = (9e449005)    9.334 =     9°20.045
                    lon        = -822420500          = (ecdbface)  -82.242 =   -82°14.523
                    north      = 111110849           = (c16a9f06)    9.334 =     9°20.043
                    east       = -981185875          = (ad4a84c5)  -82.242 =   -82°14.523
                    k1_0x12    = 000000000000000000000000
                    sym        = 2
                    temp       = 1
                    depth      = 328                 = (48010000) FEET = 10.76
                    time       = 47270               = (a6b80000) 13:07:50
                    date       = 20364               = (8c4f)     2025-10-03
                    k2_0       = 0
                    name_len   = 12
                    cmt_len    = 10
                    k3_0       = 0

                  1000 02020f00 dd000000 aaaaaaaa aaaa0100                                       ................
     # info: LIST    WAYPOINT  uuid=aaaaaaaaaaaa0100

WAYPOINT <-- 50654  0800 0d010f00 de000000                                                         ........
     # send: COUNT   WAYPOINT
WAYPOINT --> 50654  0c00 09000f00 de000000 03000000                                                ............
     # recv: NUMBER  WAYPOINT  count=3


=======================================================================
# move wp1 to testGroup1
========================================================================

WAYPOINT --> 50654  1000 07000f00 aaaaaaaa aaaa0100 02000000                                       ................
     # recv: MODIFY  WAYPOINT  uuid=aaaaaaaaaaaa0100 mod_bits=0x02 MOD(WAYPOINT,0x02,aaaaaaaaaaaa0100)

WAYPOINT <-- 50654  1000 03010f00 df000000 aaaaaaaa aaaa0100                                       ................
     # send: ITEM    WAYPOINT  uuid=aaaaaaaaaaaa0100
WAYPOINT --> 50654  0800 05000f00 00000000                                                         ........
     # recv: EVENT   WAYPOINT  flag=0
                  0800 45000f00 00000000                                                         E.......
     # recv: EVENT   ROUTE     flag=0
                  0800 85000f00 00000000                                                         ........
     # recv: EVENT   GROUP     flag=0
                  1000 07000f00 aaaaaaaa aaaa0100 02000000                                       ................
     # recv: MODIFY  WAYPOINT  uuid=aaaaaaaaaaaa0100 mod_bits=0x02 MOD(WAYPOINT,0x02,aaaaaaaaaaaa0100)

WAYPOINT --> 50654  0c00 06000f00 df000000 00000400                                                ............
     # recv: DATA    WAYPOINT  success
                  1400 00020f00 df000000 aaaaaaaa aaaa0100 01000000                              ....................
     # info: CONTEXT WAYPOINT  uuid=aaaaaaaaaaaa0100 context_bits=0x01
                  5a00 01020f00 df000000 4e000000 9e449005 ecdbface c16a9f06 ad4a84c5 00000000   ........N....D.......j...J......
                       00000000 00000000 02010048 010000a6 b800008c 4f000c0a 00000100 6d6f6457   ...........H........O.......modW
                       6179706f 696e7431 7770436f 6d6d656e 7431cccc cccccccc 0100                aypoint1wpComment1........
     # info: BUFFER  WAYPOINT
                    WAYPOINT Record
                    name       = modWaypoint1
                    comment    = wpComment1
                    big_len    = 78
                    lat        = 93340830            = (9e449005)    9.334 =     9°20.045
                    lon        = -822420500          = (ecdbface)  -82.242 =   -82°14.523
                    north      = 111110849           = (c16a9f06)    9.334 =     9°20.043
                    east       = -981185875          = (ad4a84c5)  -82.242 =   -82°14.523
                    k1_0x12    = 000000000000000000000000
                    sym        = 2
                    temp       = 1
                    depth      = 328                 = (48010000) FEET = 10.76
                    time       = 47270               = (a6b80000) 13:07:50
                    date       = 20364               = (8c4f)     2025-10-03
                    k2_0       = 0
                    name_len   = 12
                    cmt_len    = 10
                    k3_0       = 65536
                    UUID(0)    = cccccccccccc0100

                  1000 02020f00 df000000 aaaaaaaa aaaa0100                                       ................
     # info: LIST    WAYPOINT  uuid=aaaaaaaaaaaa0100
                  1000 87000f00 cccccccc cccc0100 02000000                                       ................
     # recv: MODIFY  GROUP     uuid=cccccccccccc0100 mod_bits=0x02 MOD(GROUP,0x02,cccccccccccc0100)
                  0800 05000f00 01000000                                                         ........
     # recv: EVENT   WAYPOINT  flag=1
                  0800 45000f00 01000000                                                         E.......
     # recv: EVENT   ROUTE     flag=1
                  0800 85000f00 01000000                                                         ........
     # recv: EVENT   GROUP     flag=1
                  1000 87000f00 cccccccc cccc0100 02000000                                       ................
     # recv: MODIFY  GROUP     uuid=cccccccccccc0100 mod_bits=0x02 MOD(GROUP,0x02,cccccccccccc0100)
                  1000 07000f00 aaaaaaaa aaaa0100 02000000                                       ................
     # recv: MODIFY  WAYPOINT  uuid=aaaaaaaaaaaa0100 mod_bits=0x02 MOD(WAYPOINT,0x02,aaaaaaaaaaaa0100)

WAYPOINT <-- 50654  1000 83010f00 e0000000 cccccccc cccc0100                                       ................
     # send: ITEM    GROUP     uuid=cccccccccccc0100
WAYPOINT --> 50654  0c00 86000f00 e0000000 00000400                                                ............
     # recv: DATA    GROUP     success
                  1400 00020f00 e0000000 cccccccc cccc0100 03000000                              ....................
     # info: CONTEXT GROUP     uuid=cccccccccccc0100 context_bits=0x03
                  2200 01020f00 e0000000 16000000 0a000100 74657374 47726f75 7031aaaa aaaaaaaa   ................testGroup1......
                       0100                                                                      ..
     # info: BUFFER  GROUP
                    GROUP Record
                    name       = testGroup1
                    big_len    = 22
                    name_len   = 10
                    cmt_len    = 0
                    num_uuids  = 1
                    UUID(0)    = aaaaaaaaaaaa0100

                  1000 02020f00 e0000000 cccccccc cccc0100                                       ................
     # info: LIST    GROUP     uuid=cccccccccccc0100

WAYPOINT <-- 50654  1000 03010f00 e1000000 aaaaaaaa aaaa0100                                       ................
     # send: ITEM    WAYPOINT  uuid=aaaaaaaaaaaa0100
WAYPOINT --> 50654  0c00 06000f00 e1000000 00000400                                                ............
     # recv: DATA    WAYPOINT  success
                  1400 00020f00 e1000000 aaaaaaaa aaaa0100 01000000                              ....................
     # info: CONTEXT WAYPOINT  uuid=aaaaaaaaaaaa0100 context_bits=0x01
                  5a00 01020f00 e1000000 4e000000 9e449005 ecdbface c16a9f06 ad4a84c5 00000000   ........N....D.......j...J......
                       00000000 00000000 02010048 010000a6 b800008c 4f000c0a 00000100 6d6f6457   ...........H........O.......modW
                       6179706f 696e7431 7770436f 6d6d656e 7431cccc cccccccc 0100                aypoint1wpComment1........
     # info: BUFFER  WAYPOINT
                    WAYPOINT Record
                    name       = modWaypoint1
                    comment    = wpComment1
                    big_len    = 78
                    lat        = 93340830            = (9e449005)    9.334 =     9°20.045
                    lon        = -822420500          = (ecdbface)  -82.242 =   -82°14.523
                    north      = 111110849           = (c16a9f06)    9.334 =     9°20.043
                    east       = -981185875          = (ad4a84c5)  -82.242 =   -82°14.523
                    k1_0x12    = 000000000000000000000000
                    sym        = 2
                    temp       = 1
                    depth      = 328                 = (48010000) FEET = 10.76
                    time       = 47270               = (a6b80000) 13:07:50
                    date       = 20364               = (8c4f)     2025-10-03
                    k2_0       = 0
                    name_len   = 12
                    cmt_len    = 10
                    k3_0       = 65536
                    UUID(0)    = cccccccccccc0100

                  1000 02020f00 e1000000 aaaaaaaa aaaa0100                                       ................
     # info: LIST    WAYPOINT  uuid=aaaaaaaaaaaa0100

WAYPOINT <-- 50654  0800 8e010f00 e2000000                                                         ........
     # send: EVERB   GROUP
WAYPOINT --> 50654  0c00 8a000f00 e2000000 03000000                                                ............
     # recv: AVERB   GROUP     amagic=0x03

WAYPOINT <-- 50654  0800 80010f00 e3000000                                                         ........
     # send: CONTEXT GROUP
WAYPOINT <-- 50654  1400 00020f00 e3000000 00000000 00000000 1a000000                              ....................
     # info: CONTEXT GROUP     uuid=0000000000000000 context_bits=0x1a
WAYPOINT <-- 50654  3400 01020f00 e3000000 28000000 00000000 00000000 00000000 00000000 8725523d   ........(....................%R=
                       64000000 00000000 00000000 00000000 00000000                              d...................
     # info: BUFFER  GROUP
WAYPOINT <-- 50654  1000 02020f00 e3000000 00000000 00000000                                       ................
     # info: LIST    GROUP     uuid=0000000000000000
WAYPOINT --> 50654  0c00 80000f00 e3000000 00000400                                                ............
     # recv: CONTEXT GROUP     success
                  1400 00020f00 e3000000 00000000 00000000 19000000                              ....................
     # info: CONTEXT GROUP     uuid=0000000000000000 context_bits=0x19
                  2800 01020f00 e3000000 1c000000 03000000 cccccccc cccc0100 cccccccc cccc0200   ................................
                       cccccccc cccc0300                                                         ........
     # info: BUFFER  GROUP    dictionary(3)
                    uuid(0) = cccccccccccc0100
                    uuid(1) = cccccccccccc0200
                    uuid(2) = cccccccccccc0300

                  1000 02020f00 e3000000 00000000 00000000                                       ................
     # info: LIST    GROUP     uuid=0000000000000000

WAYPOINT <-- 50654  0800 8e010f00 e4000000                                                         ........
     # send: EVERB   GROUP
WAYPOINT --> 50654  0c00 8a000f00 e4000000 03000000                                                ............
     # recv: AVERB   GROUP     amagic=0x03

WAYPOINT <-- 50654  0800 80010f00 e5000000                                                         ........
     # send: CONTEXT GROUP
WAYPOINT <-- 50654  1400 00020f00 e5000000 00000000 00000000 1a000000                              ....................
     # info: CONTEXT GROUP     uuid=0000000000000000 context_bits=0x1a
WAYPOINT <-- 50654  3400 01020f00 e5000000 28000000 00000000 00000000 00000000 00000000 8e010f00   ........(.......................
                       64000000 00000000 00000000 00000000 00000000                              d...................
     # info: BUFFER  GROUP
WAYPOINT <-- 50654  1000 02020f00 e5000000 00000000 00000000                                       ................
     # info: LIST    GROUP     uuid=0000000000000000
WAYPOINT --> 50654  0c00 80000f00 e5000000 00000400                                                ............
     # recv: CONTEXT GROUP     success
                  1400 00020f00 e5000000 00000000 00000000 19000000                              ....................
     # info: CONTEXT GROUP     uuid=0000000000000000 context_bits=0x19
                  2800 01020f00 e5000000 1c000000 03000000 cccccccc cccc0100 cccccccc cccc0200   ................................
                       cccccccc cccc0300                                                         ........
     # info: BUFFER  GROUP    dictionary(3)
                    uuid(0) = cccccccccccc0100
                    uuid(1) = cccccccccccc0200
                    uuid(2) = cccccccccccc0300

                  1000 02020f00 e5000000 00000000 00000000                                       ................
     # info: LIST    GROUP     uuid=0000000000000000

WAYPOINT <-- 50654  0800 8e010f00 e6000000                                                         ........
     # send: EVERB   GROUP
WAYPOINT --> 50654  0c00 8a000f00 e6000000 03000000                                                ............
     # recv: AVERB   GROUP     amagic=0x03

WAYPOINT <-- 50654  0800 80010f00 e7000000                                                         ........
     # send: CONTEXT GROUP
WAYPOINT <-- 50654  1400 00020f00 e7000000 00000000 00000000 1a000000                              ....................
     # info: CONTEXT GROUP     uuid=0000000000000000 context_bits=0x1a
WAYPOINT <-- 50654  3400 01020f00 e7000000 28000000 00000000 00000000 00000000 00000000 8725523d   ........(....................%R=
                       64000000 00000000 00000000 00000000 00000000                              d...................
     # info: BUFFER  GROUP
WAYPOINT <-- 50654  1000 02020f00 e7000000 00000000 00000000                                       ................
     # info: LIST    GROUP     uuid=0000000000000000
WAYPOINT --> 50654  0c00 80000f00 e7000000 00000400                                                ............
     # recv: CONTEXT GROUP     success
                  1400 00020f00 e7000000 00000000 00000000 19000000                              ....................
     # info: CONTEXT GROUP     uuid=0000000000000000 context_bits=0x19
                  2800 01020f00 e7000000 1c000000 03000000 cccccccc cccc0100 cccccccc cccc0200   ................................
                       cccccccc cccc0300                                                         ........
     # info: BUFFER  GROUP    dictionary(3)
                    uuid(0) = cccccccccccc0100
                    uuid(1) = cccccccccccc0200
                    uuid(2) = cccccccccccc0300

                  1000 02020f00 e7000000 00000000 00000000                                       ................
     # info: LIST    GROUP     uuid=0000000000000000

WAYPOINT <-- 50654  0800 8e010f00 e8000000                                                         ........
     # send: EVERB   GROUP
WAYPOINT --> 50654  0c00 8a000f00 e8000000 03000000                                                ............
     # recv: AVERB   GROUP     amagic=0x03

WAYPOINT <-- 50654  0800 80010f00 e9000000                                                         ........
     # send: CONTEXT GROUP
WAYPOINT <-- 50654  1400 00020f00 e9000000 00000000 00000000 1a000000                              ....................
     # info: CONTEXT GROUP     uuid=0000000000000000 context_bits=0x1a
WAYPOINT <-- 50654  3400 01020f00 e9000000 28000000 00000000 00000000 00000000 00000000 8e010f00   ........(.......................
                       64000000 00000000 00000000 00000000 00000000                              d...................
     # info: BUFFER  GROUP
WAYPOINT <-- 50654  1000 02020f00 e9000000 00000000 00000000                                       ................
     # info: LIST    GROUP     uuid=0000000000000000
WAYPOINT --> 50654  0c00 80000f00 e9000000 00000400                                                ............
     # recv: CONTEXT GROUP     success
                  1400 00020f00 e9000000 00000000 00000000 19000000                              ....................
     # info: CONTEXT GROUP     uuid=0000000000000000 context_bits=0x19
                  2800 01020f00 e9000000 1c000000 03000000 cccccccc cccc0100 cccccccc cccc0200   ................................
                       cccccccc cccc0300                                                         ........
     # info: BUFFER  GROUP    dictionary(3)
                    uuid(0) = cccccccccccc0100
                    uuid(1) = cccccccccccc0200
                    uuid(2) = cccccccccccc0300

                  1000 02020f00 e9000000 00000000 00000000                                       ................
     # info: LIST    GROUP     uuid=0000000000000000

WAYPOINT --> 50654  1000 07000f00 aaaaaaaa aaaa0300 01000000                                       ................
     # recv: MODIFY  WAYPOINT  uuid=aaaaaaaaaaaa0300 mod_bits=0x01 MOD(WAYPOINT,0x01,aaaaaaaaaaaa0300)

WAYPOINT <-- 50654  1000 03010f00 ea000000 aaaaaaaa aaaa0300                                       ................
     # send: ITEM    WAYPOINT  uuid=aaaaaaaaaaaa0300
WAYPOINT --> 50654  0c00 06000f00 ea000000 030b0480                                                ............
     # recv: DATA    WAYPOINT  failed

WAYPOINT <-- 50654  1000 03010f00 eb000000 aaaaaaaa aaaa0300                                       ................
     # send: ITEM    WAYPOINT  uuid=aaaaaaaaaaaa0300
WAYPOINT --> 50654  0c00 06000f00 eb000000 030b0480                                                ............
     # recv: DATA    WAYPOINT  failed


=======================================================================
# delete waypoint from e80
========================================================================

WAYPOINT --> 50654  1000 87000f00 cccccccc cccc0100 02000000                                       ................
     # recv: MODIFY  GROUP     uuid=cccccccccccc0100 mod_bits=0x02 MOD(GROUP,0x02,cccccccccccc0100)

WAYPOINT <-- 50654  0800 8e010f00 ec000000                                                         ........
     # send: EVERB   GROUP
WAYPOINT --> 50654  0c00 8a000f00 ec000000 03000000                                                ............
     # recv: AVERB   GROUP     amagic=0x03
                  1000 07000f00 aaaaaaaa aaaa0100 02000000                                       ................
     # recv: MODIFY  WAYPOINT  uuid=aaaaaaaaaaaa0100 mod_bits=0x02 MOD(WAYPOINT,0x02,aaaaaaaaaaaa0100)

WAYPOINT <-- 50654  0800 80010f00 ed000000                                                         ........
     # send: CONTEXT GROUP
WAYPOINT <-- 50654  1400 00020f00 ed000000 00000000 00000000 1a000000                              ....................
     # info: CONTEXT GROUP     uuid=0000000000000000 context_bits=0x1a
WAYPOINT <-- 50654  3400 01020f00 ed000000 28000000 00000000 00000000 00000000 00000000 8725523d   ........(....................%R=
                       64000000 00000000 00000000 00000000 00000000                              d...................
     # info: BUFFER  GROUP
WAYPOINT <-- 50654  1000 02020f00 ed000000 00000000 00000000                                       ................
     # info: LIST    GROUP     uuid=0000000000000000
WAYPOINT --> 50654  0c00 80000f00 ed000000 00000400                                                ............
     # recv: CONTEXT GROUP     success
                  1400 00020f00 ed000000 00000000 00000000 19000000                              ....................
     # info: CONTEXT GROUP     uuid=0000000000000000 context_bits=0x19
                  2800 01020f00 ed000000 1c000000 03000000 cccccccc cccc0100 cccccccc cccc0200   ................................
                       cccccccc cccc0300                                                         ........
     # info: BUFFER  GROUP    dictionary(3)
                    uuid(0) = cccccccccccc0100
                    uuid(1) = cccccccccccc0200
                    uuid(2) = cccccccccccc0300

                  1000 02020f00 ed000000 00000000 00000000                                       ................
     # info: LIST    GROUP     uuid=0000000000000000

WAYPOINT <-- 50654  1000 83010f00 ee000000 cccccccc cccc0100                                       ................
     # send: ITEM    GROUP     uuid=cccccccccccc0100
WAYPOINT --> 50654  0c00 86000f00 ee000000 00000400                                                ............
     # recv: DATA    GROUP     success
                  1400 00020f00 ee000000 cccccccc cccc0100 03000000                              ....................
     # info: CONTEXT GROUP     uuid=cccccccccccc0100 context_bits=0x03
                  2200 01020f00 ee000000 16000000 0a000100 74657374 47726f75 7031aaaa aaaaaaaa   ................testGroup1......
                       0100                                                                      ..
     # info: BUFFER  GROUP
                    GROUP Record
                    name       = testGroup1
                    big_len    = 22
                    name_len   = 10
                    cmt_len    = 0
                    num_uuids  = 1
                    UUID(0)    = aaaaaaaaaaaa0100

                  1000 02020f00 ee000000 cccccccc cccc0100                                       ................
     # info: LIST    GROUP     uuid=cccccccccccc0100

WAYPOINT <-- 50654  0800 8e010f00 ef000000                                                         ........
     # send: EVERB   GROUP
WAYPOINT --> 50654  0c00 8a000f00 ef000000 03000000                                                ............
     # recv: AVERB   GROUP     amagic=0x03

WAYPOINT <-- 50654  0800 80010f00 f0000000                                                         ........
     # send: CONTEXT GROUP
WAYPOINT <-- 50654  1400 00020f00 f0000000 00000000 00000000 1a000000                              ....................
     # info: CONTEXT GROUP     uuid=0000000000000000 context_bits=0x1a
WAYPOINT <-- 50654  3400 01020f00 f0000000 28000000 00000000 00000000 00000000 00000000 8e010f00   ........(.......................
                       64000000 00000000 00000000 00000000 00000000                              d...................
     # info: BUFFER  GROUP
WAYPOINT <-- 50654  1000 02020f00 f0000000 00000000 00000000                                       ................
     # info: LIST    GROUP     uuid=0000000000000000
WAYPOINT --> 50654  0c00 80000f00 f0000000 00000400                                                ............
     # recv: CONTEXT GROUP     success
                  1400 00020f00 f0000000 00000000 00000000 19000000                              ....................
     # info: CONTEXT GROUP     uuid=0000000000000000 context_bits=0x19
                  2800 01020f00 f0000000 1c000000 03000000 cccccccc cccc0100 cccccccc cccc0200   ................................
                       cccccccc cccc0300                                                         ........
     # info: BUFFER  GROUP    dictionary(3)
                    uuid(0) = cccccccccccc0100
                    uuid(1) = cccccccccccc0200
                    uuid(2) = cccccccccccc0300

                  1000 02020f00 f0000000 00000000 00000000                                       ................
     # info: LIST    GROUP     uuid=0000000000000000

WAYPOINT <-- 50654  1000 03010f00 f1000000 aaaaaaaa aaaa0100                                       ................
     # send: ITEM    WAYPOINT  uuid=aaaaaaaaaaaa0100
WAYPOINT --> 50654  0c00 06000f00 f1000000 00000400                                                ............
     # recv: DATA    WAYPOINT  success
                  1400 00020f00 f1000000 aaaaaaaa aaaa0100 01000000                              ....................
     # info: CONTEXT WAYPOINT  uuid=aaaaaaaaaaaa0100 context_bits=0x01
                  5a00 01020f00 f1000000 4e000000 9e449005 ecdbface c16a9f06 ad4a84c5 00000000   ........N....D.......j...J......
                       00000000 00000000 02010048 010000a6 b800008c 4f000c0a 00000100 6d6f6457   ...........H........O.......modW
                       6179706f 696e7431 7770436f 6d6d656e 7431cccc cccccccc 0100                aypoint1wpComment1........
     # info: BUFFER  WAYPOINT
                    WAYPOINT Record
                    name       = modWaypoint1
                    comment    = wpComment1
                    big_len    = 78
                    lat        = 93340830            = (9e449005)    9.334 =     9°20.045
                    lon        = -822420500          = (ecdbface)  -82.242 =   -82°14.523
                    north      = 111110849           = (c16a9f06)    9.334 =     9°20.043
                    east       = -981185875          = (ad4a84c5)  -82.242 =   -82°14.523
                    k1_0x12    = 000000000000000000000000
                    sym        = 2
                    temp       = 1
                    depth      = 328                 = (48010000) FEET = 10.76
                    time       = 47270               = (a6b80000) 13:07:50
                    date       = 20364               = (8c4f)     2025-10-03
                    k2_0       = 0
                    name_len   = 12
                    cmt_len    = 10
                    k3_0       = 65536
                    UUID(0)    = cccccccccccc0100

                  1000 02020f00 f1000000 aaaaaaaa aaaa0100                                       ................
     # info: LIST    WAYPOINT  uuid=aaaaaaaaaaaa0100


=======================================================================
# oops hit cancel on E80 re-delete testWaypoint2 from E80
========================================================================

WAYPOINT --> 50654  1000 07000f00 aaaaaaaa aaaa0200 02000000                                       ................
     # recv: MODIFY  WAYPOINT  uuid=aaaaaaaaaaaa0200 mod_bits=0x02 MOD(WAYPOINT,0x02,aaaaaaaaaaaa0200)

WAYPOINT <-- 50654  1000 03010f00 f2000000 aaaaaaaa aaaa0200                                       ................
     # send: ITEM    WAYPOINT  uuid=aaaaaaaaaaaa0200
WAYPOINT --> 50654  0c00 06000f00 f2000000 00000400                                                ............
     # recv: DATA    WAYPOINT  success
                  1400 00020f00 f2000000 aaaaaaaa aaaa0200 01000000                              ....................
     # info: CONTEXT WAYPOINT  uuid=aaaaaaaaaaaa0200 context_bits=0x01
                  5300 01020f00 f2000000 47000000 2fd08605 e09100cf 47119406 dc1a8bc5 00000000   ........G.../.......G...........
                       00000000 00000000 02000048 010000e3 b800008c 4f000d0a 00000000 74657374   ...........H........O.......test
                       57617970 6f696e74 32777043 6f6d6d65 6e7432                                Waypoint2wpComment2
     # info: BUFFER  WAYPOINT
                    WAYPOINT Record
                    name       = testWaypoint2
                    comment    = wpComment2
                    big_len    = 71
                    lat        = 92721199            = (2fd08605)    9.272 =     9°16.327
                    lon        = -822046240          = (e09100cf)  -82.205 =   -82°12.277
                    north      = 110367047           = (47119406)    9.272 =     9°16.327
                    east       = -980739364          = (dc1a8bc5)  -82.205 =   -82°12.277
                    k1_0x12    = 000000000000000000000000
                    sym        = 2
                    temp       = 0
                    depth      = 328                 = (48010000) FEET = 10.76
                    time       = 47331               = (e3b80000) 13:08:51
                    date       = 20364               = (8c4f)     2025-10-03
                    k2_0       = 0
                    name_len   = 13
                    cmt_len    = 10
                    k3_0       = 0

                  1000 02020f00 f2000000 aaaaaaaa aaaa0200                                       ................
     # info: LIST    WAYPOINT  uuid=aaaaaaaaaaaa0200


=======================================================================
# sheesh finally
========================================================================

WAYPOINT --> 50654  1000 07000f00 aaaaaaaa aaaa0200 01000000                                       ................
     # recv: MODIFY  WAYPOINT  uuid=aaaaaaaaaaaa0200 mod_bits=0x01 MOD(WAYPOINT,0x01,aaaaaaaaaaaa0200)

WAYPOINT <-- 50654  1000 03010f00 f3000000 aaaaaaaa aaaa0200                                       ................
     # send: ITEM    WAYPOINT  uuid=aaaaaaaaaaaa0200
WAYPOINT --> 50654  0c00 06000f00 f3000000 030b0480                                                ............
     # recv: DATA    WAYPOINT  failed

WAYPOINT <-- 50654  1000 03010f00 f4000000 aaaaaaaa aaaa0200                                       ................
     # send: ITEM    WAYPOINT  uuid=aaaaaaaaaaaa0200
WAYPOINT --> 50654  0c00 06000f00 f4000000 030b0480                                                ............
     # recv: DATA    WAYPOINT  failed


=======================================================================
# delete testGroup1 from RNS
========================================================================

WAYPOINT <-- 50654  1900 8c010f00 f5000000 74657374 47726f75 70310000 01000000 84                  ........testGroup1.......
     # send: FIND    GROUP     name = testGroup1
WAYPOINT --> 50654  1400 88000f00 f5000000 00000400 cccccccc cccc0100                              ....................
     # recv: UUID    GROUP     success uuid=cccccccccccc0100

WAYPOINT <-- 50654  0400 b1010f00                                                                  ....
     # NO RULE FOR send | BUFFER | DATABASE
WAYPOINT <-- 50654  1900 0c010f00 f7000000 6d6f6457 6179706f 696e7431 004e3c60 f8                  ........modWaypoint1.N<`.
     # send: FIND    WAYPOINT  name = modWaypoint1
WAYPOINT --> 50654  1400 08000f00 f7000000 00000400 aaaaaaaa aaaa0100                              ....................
     # recv: UUID    WAYPOINT  success uuid=aaaaaaaaaaaa0100
                  0800 05000f00 00000000                                                         ........
     # recv: EVENT   WAYPOINT  flag=0
                  0800 45000f00 00000000                                                         E.......
     # recv: EVENT   ROUTE     flag=0
                  0800 85000f00 00000000                                                         ........
     # recv: EVENT   GROUP     flag=0

WAYPOINT <-- 50654  1900 8c010f00 f8000000 74657374 47726f75 70310004 b805dd04 10                  ........testGroup1.......
     # send: FIND    GROUP     name = testGroup1
WAYPOINT --> 50654  1400 88000f00 f8000000 00000400 cccccccc cccc0100                              ....................
     # recv: UUID    GROUP     success uuid=cccccccccccc0100

WAYPOINT <-- 50654  1400 84010f00 f9000000 0d000000 cccccccc cccc0100                              ....................
     # send: EXIST   GROUP     magic=0x0d uuid=cccccccccccc0100
WAYPOINT --> 50654  0c00 81000f00 f9000000 00000400                                                ............
     # recv: BUFFER  GROUP     success
                  1400 00020f00 f9000000 cccccccc cccc0100 03000000                              ....................
     # info: CONTEXT GROUP     uuid=cccccccccccc0100 context_bits=0x03
                  2200 01020f00 f9000000 16000000 0a000100 74657374 47726f75 7031aaaa aaaaaaaa   ................testGroup1......
                       0100                                                                      ..
     # info: BUFFER  GROUP
                    GROUP Record
                    name       = testGroup1
                    big_len    = 22
                    name_len   = 10
                    cmt_len    = 0
                    num_uuids  = 1
                    UUID(0)    = aaaaaaaaaaaa0100

                  1000 02020f00 f9000000 cccccccc cccc0100                                       ................
     # info: LIST    GROUP     uuid=cccccccccccc0100

WAYPOINT <-- 50654  1400 86010f00 fa000000 0d000000 cccccccc cccc0100                              ....................
     # send: DATA    GROUP     magic=0x0d uuid=cccccccccccc0100
WAYPOINT <-- 50654  1400 00020f00 fa000000 cccccccc cccc0100 03000000                              ....................
     # info: CONTEXT GROUP     uuid=cccccccccccc0100 context_bits=0x03
WAYPOINT <-- 50654  1a00 01020f00 fa000000 0e000000 0a000000 74657374 47726f75 7031                ................testGroup1
     # info: BUFFER  GROUP
                    GROUP Record
                    name       = testGroup1
                    big_len    = 14
                    name_len   = 10
                    cmt_len    = 0
                    num_uuids  = 0

WAYPOINT <-- 50654  1000 02020f00 fa000000 cccccccc cccc0100                                       ................
     # info: LIST    GROUP     uuid=cccccccccccc0100
WAYPOINT --> 50654  0c00 82000f00 fa000000 00000400                                                ............
     # recv: LIST    GROUP     success
                  1000 07000f00 aaaaaaaa aaaa0100 02000000                                       ................
     # recv: MODIFY  WAYPOINT  uuid=aaaaaaaaaaaa0100 mod_bits=0x02 MOD(WAYPOINT,0x02,aaaaaaaaaaaa0100)
                  1000 87000f00 cccccccc cccc0100 02000000                                       ................
     # recv: MODIFY  GROUP     uuid=cccccccccccc0100 mod_bits=0x02 MOD(GROUP,0x02,cccccccccccc0100)

WAYPOINT <-- 50654  1000 08010f00 fb000000 aaaaaaaa aaaa0100                                       ................
     # send: UUID    WAYPOINT  uuid=aaaaaaaaaaaa0100
WAYPOINT --> 50654  0c00 04000f00 fb000000 00000400                                                ............
     # recv: EXIST   WAYPOINT  success
                  1000 07000f00 aaaaaaaa aaaa0100 01000000                                       ................
     # recv: MODIFY  WAYPOINT  uuid=aaaaaaaaaaaa0100 mod_bits=0x01 MOD(WAYPOINT,0x01,aaaaaaaaaaaa0100)

WAYPOINT <-- 50654  0400 b2010f00                                                                  ....
     # NO RULE FOR send | LIST | DATABASE
WAYPOINT <-- 50654  1000 03010f00 fd000000 aaaaaaaa aaaa0100                                       ................
     # send: ITEM    WAYPOINT  uuid=aaaaaaaaaaaa0100
WAYPOINT --> 50654  0c00 06000f00 fd000000 030b0480                                                ............
     # recv: DATA    WAYPOINT  failed
                  0800 05000f00 01000000                                                         ........
     # recv: EVENT   WAYPOINT  flag=1
                  0800 45000f00 01000000                                                         E.......
     # recv: EVENT   ROUTE     flag=1
                  0800 85000f00 01000000                                                         ........
     # recv: EVENT   GROUP     flag=1

WAYPOINT <-- 50654  1000 83010f00 fe000000 cccccccc cccc0100                                       ................
     # send: ITEM    GROUP     uuid=cccccccccccc0100
WAYPOINT --> 50654  0c00 86000f00 fe000000 00000400                                                ............
     # recv: DATA    GROUP     success
                  1400 00020f00 fe000000 cccccccc cccc0100 03000000                              ....................
     # info: CONTEXT GROUP     uuid=cccccccccccc0100 context_bits=0x03
                  1a00 01020f00 fe000000 0e000000 0a000000 74657374 47726f75 7031                ................testGroup1
     # info: BUFFER  GROUP
                    GROUP Record
                    name       = testGroup1
                    big_len    = 14
                    name_len   = 10
                    cmt_len    = 0
                    num_uuids  = 0

                  1000 02020f00 fe000000 cccccccc cccc0100                                       ................
     # info: LIST    GROUP     uuid=cccccccccccc0100

WAYPOINT <-- 50654  1000 03010f00 ff000000 aaaaaaaa aaaa0100                                       ................
     # send: ITEM    WAYPOINT  uuid=aaaaaaaaaaaa0100
WAYPOINT --> 50654  0c00 06000f00 ff000000 030b0480                                                ............
     # recv: DATA    WAYPOINT  failed

WAYPOINT <-- 50654  1000 88010f00 00010000 cccccccc cccc0100                                       ................
     # send: UUID    GROUP     uuid=cccccccccccc0100
WAYPOINT --> 50654  0c00 84000f00 00010000 00000400                                                ............
     # recv: EXIST   GROUP     success
                  0800 05000f00 00000000                                                         ........
     # recv: EVENT   WAYPOINT  flag=0
                  0800 45000f00 00000000                                                         E.......
     # recv: EVENT   ROUTE     flag=0
                  0800 85000f00 00000000                                                         ........
     # recv: EVENT   GROUP     flag=0
                  1000 87000f00 cccccccc cccc0100 01000000                                       ................
     # recv: MODIFY  GROUP     uuid=cccccccccccc0100 mod_bits=0x01 MOD(GROUP,0x01,cccccccccccc0100)
                  0800 05000f00 01000000                                                         ........
     # recv: EVENT   WAYPOINT  flag=1
                  0800 45000f00 01000000                                                         E.......
     # recv: EVENT   ROUTE     flag=1
                  0800 85000f00 01000000                                                         ........
     # recv: EVENT   GROUP     flag=1

WAYPOINT <-- 50654  0800 8e010f00 01010000                                                         ........
     # send: EVERB   GROUP
WAYPOINT --> 50654  0c00 8a000f00 01010000 02000000                                                ............
     # recv: AVERB   GROUP     amagic=0x02

WAYPOINT <-- 50654  0800 80010f00 02010000                                                         ........
     # send: CONTEXT GROUP
WAYPOINT <-- 50654  1400 00020f00 02010000 00000000 00000000 1a000000                              ....................
     # info: CONTEXT GROUP     uuid=0000000000000000 context_bits=0x1a
WAYPOINT <-- 50654  3400 01020f00 02010000 28000000 00000000 00000000 00000000 00000000 8725523d   ........(....................%R=
                       64000000 00000000 00000000 00000000 00000000                              d...................
     # info: BUFFER  GROUP
WAYPOINT <-- 50654  1000 02020f00 02010000 00000000 00000000                                       ................
     # info: LIST    GROUP     uuid=0000000000000000
WAYPOINT --> 50654  0c00 80000f00 02010000 00000400                                                ............
     # recv: CONTEXT GROUP     success
                  1400 00020f00 02010000 00000000 00000000 19000000                              ....................
     # info: CONTEXT GROUP     uuid=0000000000000000 context_bits=0x19
                  2000 01020f00 02010000 14000000 02000000 cccccccc cccc0200 cccccccc cccc0300   ................................
     # info: BUFFER  GROUP    dictionary(2)
                    uuid(0) = cccccccccccc0200
                    uuid(1) = cccccccccccc0300

                  1000 02020f00 02010000 00000000 00000000                                       ................
     # info: LIST    GROUP     uuid=0000000000000000

WAYPOINT <-- 50654  1000 03010f00 03010000 aaaaaaaa aaaa0100                                       ................
     # send: ITEM    WAYPOINT  uuid=aaaaaaaaaaaa0100
WAYPOINT --> 50654  0c00 06000f00 03010000 030b0480                                                ............
     # recv: DATA    WAYPOINT  failed

WAYPOINT <-- 50654  0800 8e010f00 04010000                                                         ........
     # send: EVERB   GROUP
WAYPOINT --> 50654  0c00 8a000f00 04010000 02000000                                                ............
     # recv: AVERB   GROUP     amagic=0x02

WAYPOINT <-- 50654  0800 80010f00 05010000                                                         ........
     # send: CONTEXT GROUP
WAYPOINT <-- 50654  1400 00020f00 05010000 00000000 00000000 1a000000                              ....................
     # info: CONTEXT GROUP     uuid=0000000000000000 context_bits=0x1a
WAYPOINT <-- 50654  3400 01020f00 05010000 28000000 00000000 00000000 00000000 00000000 8e010f00   ........(.......................
                       64000000 00000000 00000000 00000000 00000000                              d...................
     # info: BUFFER  GROUP
WAYPOINT <-- 50654  1000 02020f00 05010000 00000000 00000000                                       ................
     # info: LIST    GROUP     uuid=0000000000000000
WAYPOINT --> 50654  0c00 80000f00 05010000 00000400                                                ............
     # recv: CONTEXT GROUP     success
                  1400 00020f00 05010000 00000000 00000000 19000000                              ....................
     # info: CONTEXT GROUP     uuid=0000000000000000 context_bits=0x19
                  2000 01020f00 05010000 14000000 02000000 cccccccc cccc0200 cccccccc cccc0300   ................................
     # info: BUFFER  GROUP    dictionary(2)
                    uuid(0) = cccccccccccc0200
                    uuid(1) = cccccccccccc0300

                  1000 02020f00 05010000 00000000 00000000                                       ................
     # info: LIST    GROUP     uuid=0000000000000000

WAYPOINT <-- 50654  1000 83010f00 06010000 cccccccc cccc0100                                       ................
     # send: ITEM    GROUP     uuid=cccccccccccc0100
WAYPOINT --> 50654  0c00 86000f00 06010000 030b0480                                                ............
     # recv: DATA    GROUP     failed

WAYPOINT <-- 50654  1000 83010f00 07010000 cccccccc cccc0100                                       ................
     # send: ITEM    GROUP     uuid=cccccccccccc0100
WAYPOINT --> 50654  0c00 86000f00 07010000 030b0480                                                ............
     # recv: DATA    GROUP     failed

WAYPOINT <-- 50654  1000 03010f00 08010000 aaaaaaaa aaaa0100                                       ................
     # send: ITEM    WAYPOINT  uuid=aaaaaaaaaaaa0100
WAYPOINT --> 50654  0c00 06000f00 08010000 030b0480                                                ............
     # recv: DATA    WAYPOINT  failed

WAYPOINT <-- 50654  1000 03010f00 09010000 aaaaaaaa aaaa0100                                       ................
     # send: ITEM    WAYPOINT  uuid=aaaaaaaaaaaa0100
WAYPOINT --> 50654  0c00 06000f00 09010000 030b0480                                                ............
     # recv: DATA    WAYPOINT  failed


=======================================================================
# note that testGroup1 has now disappeard from E80
========================================================================
